2025-01-17 09:23:00 | WARN | repo=pv243-javaee-7 | action=commit
2025-06-06 17:05:00 | WARN | repo=pv243-javaee-7 | action=edit | files=1
2025-08-21 10:55:00 | WARN | repo=pv243-javaee-7 | action=commit
2025-12-15 18:31:00 | DEBUG | repo=pv243-javaee-7 | action=pull
2025-11-20 11:10:00 | WARN | repo=pv243-javaee-7 | action=commit
2025-07-05 20:57:00 | INFO | repo=pv243-javaee-7 | action=commit
2025-08-09 19:27:00 | DEBUG | repo=pv243-javaee-7 | action=commit
2025-01-21 11:44:00 | DEBUG | repo=pv243-javaee-7 | action=pull
2025-12-27 09:51:00 | DEBUG | repo=pv243-javaee-7 | action=commit
2025-02-10 13:49:00 | DEBUG | repo=pv243-javaee-7 | action=commit
2025-08-12 12:28:00 | INFO | repo=pv243-javaee-7 | action=commit
2025-12-12 21:13:00 | WARN | repo=pv243-javaee-7 | action=test | passed=true
2025-11-24 07:23:00 | INFO | repo=pv243-javaee-7 | action=commit
2025-07-14 18:38:00 | WARN | repo=pv243-javaee-7 | action=commit
2025-05-03 17:21:00 | WARN | repo=pv243-javaee-7 | action=test | passed=true
2025-01-04 07:44:00 | DEBUG | repo=pv243-javaee-7 | action=commit
2025-06-23 21:34:00 | WARN | repo=pv243-javaee-7 | action=commit
2025-05-20 20:47:00 | INFO | repo=pv243-javaee-7 | action=test | passed=true
2025-12-14 09:49:00 | INFO | repo=pv243-javaee-7 | action=pull
2025-07-27 16:40:00 | INFO | repo=pv243-javaee-7 | action=commit
2025-08-15 14:31:00 | INFO | repo=pv243-javaee-7 | action=edit | files=3
2025-05-13 20:46:00 | DEBUG | repo=pv243-javaee-7 | action=pull
2025-11-25 08:26:00 | DEBUG | repo=pv243-javaee-7 | action=edit | files=3
2025-10-02 20:30:00 | WARN | repo=pv243-javaee-7 | action=commit
2025-04-06 21:22:00 | INFO | repo=pv243-javaee-7 | action=commit
2025-11-21 18:47:00 | WARN | repo=pv243-javaee-7 | action=pull
2025-12-28 17:52:00 | INFO | repo=pv243-javaee-7 | action=commit
2025-10-08 12:34:00 | INFO | repo=pv243-javaee-7 | action=pull
2025-12-06 19:01:00 | WARN | repo=pv243-javaee-7 | action=edit | files=2
2025-01-27 08:59:00 | DEBUG | repo=pv243-javaee-7 | action=commit
2025-10-23 07:45:00 | DEBUG | repo=pv243-javaee-7 | action=test | passed=true
2025-06-13 17:23:00 | WARN | repo=pv243-javaee-7 | action=commit
2025-10-25 09:41:00 | WARN | repo=pv243-javaee-7 | action=commit
2025-03-01 09:33:00 | INFO | repo=pv243-javaee-7 | action=pull
2025-08-08 18:48:00 | INFO | repo=pv243-javaee-7 | action=commit
2025-12-08 08:53:00 | INFO | repo=pv243-javaee-7 | action=commit
2025-01-22 12:25:00 | WARN | repo=pv243-javaee-7 | action=pull
2025-02-20 08:24:00 | INFO | repo=pv243-javaee-7 | action=commit
2025-02-03 14:37:00 | DEBUG | repo=pv243-javaee-7 | action=commit
2025-05-20 21:48:00 | WARN | repo=pv243-javaee-7 | action=edit | files=3
2025-12-23 17:55:00 | WARN | repo=pv243-javaee-7 | action=test | passed=true
2025-02-16 13:23:00 | DEBUG | repo=pv243-javaee-7 | action=pull
2025-07-12 09:08:00 | DEBUG | repo=pv243-javaee-7 | action=edit | files=3
2025-03-13 20:02:00 | INFO | repo=pv243-javaee-7 | action=test | passed=true
2025-12-18 08:25:00 | DEBUG | repo=pv243-javaee-7 | action=commit
2025-10-03 08:57:00 | DEBUG | repo=pv243-javaee-7 | action=edit | files=1
2025-06-27 13:20:00 | DEBUG | repo=pv243-javaee-7 | action=edit | files=2
2025-02-04 07:12:00 | DEBUG | repo=pv243-javaee-7 | action=commit
2025-09-18 16:27:00 | WARN | repo=pv243-javaee-7 | action=commit
2025-03-21 14:49:00 | INFO | repo=pv243-javaee-7 | action=pull
2025-10-22 16:15:00 | DEBUG | repo=pv243-javaee-7 | action=commit
2025-06-04 11:58:00 | DEBUG | repo=pv243-javaee-7 | action=pull
2025-04-12 21:28:00 | DEBUG | repo=pv243-javaee-7 | action=pull
2025-07-11 08:14:00 | INFO | repo=pv243-javaee-7 | action=commit
2025-08-22 21:57:00 | DEBUG | repo=pv243-javaee-7 | action=commit
2025-02-04 07:57:00 | WARN | repo=pv243-javaee-7 | action=commit
2025-11-03 21:38:00 | INFO | repo=pv243-javaee-7 | action=commit
2025-11-26 09:38:00 | WARN | repo=pv243-javaee-7 | action=commit
2025-02-08 11:12:00 | WARN | repo=pv243-javaee-7 | action=pull
2025-07-25 15:58:00 | INFO | repo=pv243-javaee-7 | action=commit
2025-02-11 10:26:00 | INFO | repo=pv243-javaee-7 | action=commit
2025-11-23 21:06:00 | INFO | repo=pv243-javaee-7 | action=commit
2025-06-19 12:40:00 | WARN | repo=pv243-javaee-7 | action=pull
2025-07-10 20:36:00 | DEBUG | repo=pv243-javaee-7 | action=commit
2025-06-27 08:37:00 | INFO | repo=pv243-javaee-7 | action=edit | files=3
2025-09-14 12:35:00 | DEBUG | repo=pv243-javaee-7 | action=commit
2025-05-04 18:45:00 | INFO | repo=pv243-javaee-7 | action=commit
2025-05-01 08:14:00 | INFO | repo=pv243-javaee-7 | action=commit
2025-10-17 17:28:00 | DEBUG | repo=pv243-javaee-7 | action=test | passed=true
2025-12-24 15:53:00 | DEBUG | repo=pv243-javaee-7 | action=test | passed=true
2025-01-23 16:10:00 | DEBUG | repo=pv243-javaee-7 | action=test | passed=true
2025-10-11 11:13:00 | INFO | repo=pv243-javaee-7 | action=pull
2025-07-20 07:46:00 | DEBUG | repo=pv243-javaee-7 | action=edit | files=5
2025-06-09 10:53:00 | WARN | repo=pv243-javaee-7 | action=commit
2025-09-20 08:52:00 | DEBUG | repo=pv243-javaee-7 | action=test | passed=true
2025-08-17 17:22:00 | DEBUG | repo=pv243-javaee-7 | action=commit
2025-08-23 16:05:00 | INFO | repo=pv243-javaee-7 | action=edit | files=4
2025-04-18 08:01:00 | DEBUG | repo=pv243-javaee-7 | action=commit
2025-06-21 07:17:00 | INFO | repo=pv243-javaee-7 | action=test | passed=true
2025-09-16 12:14:00 | INFO | repo=pv243-javaee-7 | action=test | passed=true
2025-07-27 17:32:00 | DEBUG | repo=pv243-javaee-7 | action=test | passed=true
2025-09-15 14:55:00 | WARN | repo=pv243-javaee-7 | action=test | passed=true
2025-08-02 14:02:00 | WARN | repo=pv243-javaee-7 | action=commit
2025-05-15 12:16:00 | WARN | repo=pv243-javaee-7 | action=commit
2025-06-03 17:37:00 | INFO | repo=pv243-javaee-7 | action=edit | files=4
2025-05-08 08:48:00 | INFO | repo=pv243-javaee-7 | action=commit
2025-07-21 12:58:00 | WARN | repo=pv243-javaee-7 | action=pull
2025-05-05 13:27:00 | INFO | repo=pv243-javaee-7 | action=commit
2025-01-21 14:36:00 | DEBUG | repo=pv243-javaee-7 | action=commit
2025-10-19 19:32:00 | WARN | repo=pv243-javaee-7 | action=commit
2025-12-04 15:51:00 | WARN | repo=pv243-javaee-7 | action=pull
2025-01-07 09:05:00 | INFO | repo=pv243-javaee-7 | action=commit
2025-09-06 19:12:00 | DEBUG | repo=pv243-javaee-7 | action=pull
2025-10-26 08:04:00 | INFO | repo=pv243-javaee-7 | action=commit
2025-07-01 13:01:00 | WARN | repo=pv243-javaee-7 | action=pull
2025-09-19 08:44:00 | DEBUG | repo=pv243-javaee-7 | action=commit
2025-12-01 16:13:00 | WARN | repo=pv243-javaee-7 | action=pull
2025-09-13 11:21:00 | DEBUG | repo=pv243-javaee-7 | action=commit
2025-11-08 19:22:00 | DEBUG | repo=pv243-javaee-7 | action=edit | files=3
2025-06-25 18:50:00 | DEBUG | repo=pv243-javaee-7 | action=commit
2025-02-16 19:14:00 | INFO | repo=pv243-javaee-7 | action=test | passed=true
2025-11-14 21:36:00 | INFO | repo=pv243-javaee-7 | action=test | passed=true
2025-10-04 20:16:00 | DEBUG | repo=pv243-javaee-7 | action=commit
2025-10-11 11:13:00 | DEBUG | repo=pv243-javaee-7 | action=commit
2025-10-19 13:41:00 | DEBUG | repo=pv243-javaee-7 | action=pull
2025-05-18 15:21:00 | WARN | repo=pv243-javaee-7 | action=edit | files=3
2025-08-24 17:19:00 | WARN | repo=pv243-javaee-7 | action=commit
2025-10-05 18:51:00 | DEBUG | repo=pv243-javaee-7 | action=commit
2025-09-25 13:49:00 | DEBUG | repo=pv243-javaee-7 | action=edit | files=5
2025-12-07 16:26:00 | INFO | repo=pv243-javaee-7 | action=commit
2025-11-05 16:28:00 | WARN | repo=pv243-javaee-7 | action=commit
2025-08-22 15:18:00 | DEBUG | repo=pv243-javaee-7 | action=test | passed=true
2025-10-26 18:18:00 | WARN | repo=pv243-javaee-7 | action=commit
2025-08-26 20:09:00 | WARN | repo=pv243-javaee-7 | action=edit | files=3
2025-11-23 11:18:00 | DEBUG | repo=pv243-javaee-7 | action=commit
2025-07-15 16:58:00 | INFO | repo=pv243-javaee-7 | action=test | passed=true
2025-06-23 07:44:00 | WARN | repo=pv243-javaee-7 | action=pull
2025-01-26 07:56:00 | DEBUG | repo=pv243-javaee-7 | action=commit
2025-03-07 08:23:00 | INFO | repo=pv243-javaee-7 | action=commit
2025-04-25 19:13:00 | INFO | repo=pv243-javaee-7 | action=commit
2025-06-22 16:26:00 | WARN | repo=pv243-javaee-7 | action=commit
2025-06-01 12:36:00 | INFO | repo=pv243-javaee-7 | action=edit | files=5
2025-03-07 20:51:00 | DEBUG | repo=pv243-javaee-7 | action=commit
2025-01-24 13:08:00 | INFO | repo=pv243-javaee-7 | action=commit
2025-08-17 20:39:00 | INFO | repo=pv243-javaee-7 | action=test | passed=true
2025-04-17 08:48:00 | DEBUG | repo=pv243-javaee-7 | action=commit
2025-04-17 15:10:00 | INFO | repo=pv243-javaee-7 | action=commit
2025-02-16 20:54:00 | WARN | repo=pv243-javaee-7 | action=commit
2025-05-27 07:35:00 | WARN | repo=pv243-javaee-7 | action=edit | files=4
2025-09-18 16:07:00 | DEBUG | repo=pv243-javaee-7 | action=commit
2025-02-20 15:28:00 | INFO | repo=pv243-javaee-7 | action=commit
2025-04-09 16:41:00 | WARN | repo=pv243-javaee-7 | action=commit
2025-02-04 17:57:00 | WARN | repo=pv243-javaee-7 | action=commit
2025-05-10 19:41:00 | INFO | repo=pv243-javaee-7 | action=edit | files=2
2025-01-04 21:08:00 | WARN | repo=pv243-javaee-7 | action=edit | files=3
2025-12-23 18:45:00 | INFO | repo=pv243-javaee-7 | action=commit
2025-09-22 17:59:00 | INFO | repo=pv243-javaee-7 | action=test | passed=true
2025-04-01 11:38:00 | DEBUG | repo=pv243-javaee-7 | action=commit
2025-07-16 18:49:00 | DEBUG | repo=pv243-javaee-7 | action=commit
2025-12-28 10:13:00 | DEBUG | repo=pv243-javaee-7 | action=commit
2025-07-17 19:21:00 | INFO | repo=pv243-javaee-7 | action=test | passed=true
2025-09-24 11:12:00 | DEBUG | repo=pv243-javaee-7 | action=commit
2025-08-20 07:29:00 | DEBUG | repo=pv243-javaee-7 | action=commit
2025-12-20 11:58:00 | WARN | repo=pv243-javaee-7 | action=test | passed=true
2025-02-25 07:59:00 | WARN | repo=pv243-javaee-7 | action=commit
2025-05-06 17:54:00 | INFO | repo=pv243-javaee-7 | action=commit
2025-12-24 14:25:00 | DEBUG | repo=pv243-javaee-7 | action=commit
2025-04-27 10:15:00 | INFO | repo=pv243-javaee-7 | action=pull
2025-01-11 18:28:00 | INFO | repo=pv243-javaee-7 | action=commit
2025-02-22 12:37:00 | INFO | repo=pv243-javaee-7 | action=commit
2025-04-07 07:27:00 | WARN | repo=pv243-javaee-7 | action=commit
2025-09-06 10:14:00 | DEBUG | repo=pv243-javaee-7 | action=commit
2025-12-08 10:49:00 | DEBUG | repo=pv243-javaee-7 | action=commit
2025-03-11 14:32:00 | WARN | repo=pv243-javaee-7 | action=commit
2025-04-08 08:28:00 | WARN | repo=pv243-javaee-7 | action=commit
2025-05-01 14:54:00 | INFO | repo=pv243-javaee-7 | action=commit
2025-07-14 13:19:00 | WARN | repo=pv243-javaee-7 | action=commit
2025-10-15 08:28:00 | INFO | repo=pv243-javaee-7 | action=pull
2025-06-01 07:31:00 | WARN | repo=pv243-javaee-7 | action=commit
2025-01-18 09:42:00 | WARN | repo=pv243-javaee-7 | action=commit
2025-09-05 13:31:00 | DEBUG | repo=pv243-javaee-7 | action=edit | files=1
2025-09-28 19:41:00 | WARN | repo=pv243-javaee-7 | action=edit | files=1
2025-06-25 21:22:00 | DEBUG | repo=pv243-javaee-7 | action=test | passed=true
2025-01-28 19:38:00 | DEBUG | repo=pv243-javaee-7 | action=test | passed=true
2025-03-19 11:48:00 | WARN | repo=pv243-javaee-7 | action=commit
2025-08-25 17:41:00 | DEBUG | repo=pv243-javaee-7 | action=edit | files=4
2025-07-14 08:48:00 | WARN | repo=pv243-javaee-7 | action=commit
2025-04-08 12:48:00 | DEBUG | repo=pv243-javaee-7 | action=commit
2025-01-17 19:11:00 | DEBUG | repo=pv243-javaee-7 | action=pull
2025-11-02 07:56:00 | DEBUG | repo=pv243-javaee-7 | action=commit
2025-07-24 18:12:00 | DEBUG | repo=pv243-javaee-7 | action=test | passed=true
2025-06-12 16:58:00 | DEBUG | repo=pv243-javaee-7 | action=commit
